<?xml version="1.0" encoding="UTF-8"?>
<!-- Generated by org.testng.reporters.JUnitReportReporter -->
<testsuite hostname="INLN56577489A" name="TestCases.TestLogin" tests="1" failures="0" timestamp="19 Jan 2018 12:35:50 GMT" time="26.832" errors="0">
  <testcase name="login" time="26.832" classname="TestCases.TestLogin"/>
</testsuite> <!-- TestCases.TestLogin -->
